[2024-11-19 14:53:18 INFO  (main)] - Config - db.maxconnections: 40
[2024-11-19 14:53:18 INFO  (main)] - Config - db.password: 12332145
[2024-11-19 14:53:18 INFO  (main)] - Config - server.log.display: false
[2024-11-19 14:53:18 INFO  (main)] - Config - db.idleTimeout: 120000
[2024-11-19 14:53:18 INFO  (main)] - Config - websocket.port: 8020
[2024-11-19 14:53:18 INFO  (main)] - Config - db.driver: com.mysql.cj.jdbc.Driver
[2024-11-19 14:53:18 INFO  (main)] - Config - db.user: root
[2024-11-19 14:53:18 INFO  (main)] - Config - db.dbname: game
[2024-11-19 14:53:18 INFO  (main)] - Config - db.connectionTimeout: 300000
[2024-11-19 14:53:18 INFO  (main)] - Config - db.port: 3306
[2024-11-19 14:53:18 INFO  (main)] - Config - server.port: 1609
[2024-11-19 14:53:18 INFO  (main)] - Config - db.minconnections: 30
[2024-11-19 14:53:18 INFO  (main)] - Config - websocket.host: ws://localhost
[2024-11-19 14:53:18 INFO  (main)] - Config - db.host: localhost
[2024-11-19 14:53:18 INFO  (main)] - Config - game.login.limit: 10
[2024-11-19 14:53:18 INFO  (main)] - Config - db.leakDetectionThreshold: 300000
[2024-11-19 14:53:18 WARN  (main)] - HikariPool-1 - idleTimeout has been set but has no effect because the pool is operating as a fixed size pool.
[2024-11-19 14:53:18 INFO  (main)] - HikariPool-1 - Starting...
[2024-11-19 14:53:18 INFO  (main)] - HikariPool-1 - Added connection com.mysql.cj.jdbc.ConnectionImpl@b7c4869
[2024-11-19 14:53:18 INFO  (main)] - HikariPool-1 - Start completed.
[2024-11-19 14:53:18 INFO  (main)] - DB Connection Pool has created.
[2024-11-19 14:53:18 INFO  (Thread-0)] - Start socket port=1609
[2024-11-19 14:53:18 INFO  (Thread-0)] - Start server Success!
[2024-11-19 14:53:18 INFO  (Thread-1)] - Connect to socket server successfully!
[2024-11-19 14:59:57 INFO  (main)] - Config - db.maxconnections: 40
[2024-11-19 14:59:57 INFO  (main)] - Config - db.password: 12332145
[2024-11-19 14:59:57 INFO  (main)] - Config - server.log.display: false
[2024-11-19 14:59:57 INFO  (main)] - Config - db.idleTimeout: 120000
[2024-11-19 14:59:57 INFO  (main)] - Config - websocket.port: 8020
[2024-11-19 14:59:57 INFO  (main)] - Config - db.driver: com.mysql.cj.jdbc.Driver
[2024-11-19 14:59:57 INFO  (main)] - Config - db.user: root
[2024-11-19 14:59:57 INFO  (main)] - Config - db.dbname: game
[2024-11-19 14:59:57 INFO  (main)] - Config - db.connectionTimeout: 300000
[2024-11-19 14:59:57 INFO  (main)] - Config - db.port: 3306
[2024-11-19 14:59:57 INFO  (main)] - Config - server.port: 1609
[2024-11-19 14:59:57 INFO  (main)] - Config - db.minconnections: 30
[2024-11-19 14:59:57 INFO  (main)] - Config - websocket.host: ws://localhost
[2024-11-19 14:59:57 INFO  (main)] - Config - db.host: localhost
[2024-11-19 14:59:57 INFO  (main)] - Config - game.login.limit: 10
[2024-11-19 14:59:57 INFO  (main)] - Config - db.leakDetectionThreshold: 300000
[2024-11-19 14:59:57 WARN  (main)] - HikariPool-1 - idleTimeout has been set but has no effect because the pool is operating as a fixed size pool.
[2024-11-19 14:59:57 INFO  (main)] - HikariPool-1 - Starting...
[2024-11-19 14:59:57 INFO  (main)] - HikariPool-1 - Added connection com.mysql.cj.jdbc.ConnectionImpl@b7c4869
[2024-11-19 14:59:57 INFO  (main)] - HikariPool-1 - Start completed.
[2024-11-19 14:59:57 INFO  (main)] - DB Connection Pool has created.
[2024-11-19 14:59:57 INFO  (Thread-0)] - Start socket port=1609
[2024-11-19 14:59:57 INFO  (Thread-0)] - Start server Success!
[2024-11-19 14:59:57 INFO  (Thread-1)] - Connect to socket server successfully!
[2024-11-19 15:01:13 INFO  (main)] - Config - db.maxconnections: 40
[2024-11-19 15:01:13 INFO  (main)] - Config - db.password: 12332145
[2024-11-19 15:01:13 INFO  (main)] - Config - server.log.display: false
[2024-11-19 15:01:13 INFO  (main)] - Config - db.idleTimeout: 120000
[2024-11-19 15:01:13 INFO  (main)] - Config - websocket.port: 8020
[2024-11-19 15:01:13 INFO  (main)] - Config - db.driver: com.mysql.cj.jdbc.Driver
[2024-11-19 15:01:13 INFO  (main)] - Config - db.user: root
[2024-11-19 15:01:13 INFO  (main)] - Config - db.dbname: game
[2024-11-19 15:01:13 INFO  (main)] - Config - db.connectionTimeout: 300000
[2024-11-19 15:01:13 INFO  (main)] - Config - db.port: 3306
[2024-11-19 15:01:13 INFO  (main)] - Config - server.port: 1609
[2024-11-19 15:01:13 INFO  (main)] - Config - db.minconnections: 30
[2024-11-19 15:01:13 INFO  (main)] - Config - websocket.host: ws://localhost
[2024-11-19 15:01:13 INFO  (main)] - Config - db.host: localhost
[2024-11-19 15:01:13 INFO  (main)] - Config - game.login.limit: 10
[2024-11-19 15:01:13 INFO  (main)] - Config - db.leakDetectionThreshold: 300000
[2024-11-19 15:01:13 WARN  (main)] - HikariPool-1 - idleTimeout has been set but has no effect because the pool is operating as a fixed size pool.
[2024-11-19 15:01:13 INFO  (main)] - HikariPool-1 - Starting...
[2024-11-19 15:01:13 INFO  (main)] - HikariPool-1 - Added connection com.mysql.cj.jdbc.ConnectionImpl@ee86bcb
[2024-11-19 15:01:13 INFO  (main)] - HikariPool-1 - Start completed.
[2024-11-19 15:01:13 INFO  (main)] - DB Connection Pool has created.
[2024-11-19 15:01:13 INFO  (Thread-0)] - Start socket port=1609
[2024-11-19 15:01:13 INFO  (Thread-0)] - Start server Success!
[2024-11-19 15:01:13 INFO  (Thread-1)] - Connect to socket server successfully!
[2024-11-19 15:02:09 INFO  (main)] - Config - db.maxconnections: 40
[2024-11-19 15:02:09 INFO  (main)] - Config - db.password: 12332145
[2024-11-19 15:02:09 INFO  (main)] - Config - server.log.display: false
[2024-11-19 15:02:09 INFO  (main)] - Config - db.idleTimeout: 120000
[2024-11-19 15:02:09 INFO  (main)] - Config - websocket.port: 8020
[2024-11-19 15:02:09 INFO  (main)] - Config - db.driver: com.mysql.cj.jdbc.Driver
[2024-11-19 15:02:09 INFO  (main)] - Config - db.user: root
[2024-11-19 15:02:09 INFO  (main)] - Config - db.dbname: game
[2024-11-19 15:02:09 INFO  (main)] - Config - db.connectionTimeout: 300000
[2024-11-19 15:02:09 INFO  (main)] - Config - db.port: 3306
[2024-11-19 15:02:09 INFO  (main)] - Config - server.port: 1609
[2024-11-19 15:02:09 INFO  (main)] - Config - db.minconnections: 30
[2024-11-19 15:02:09 INFO  (main)] - Config - websocket.host: ws://localhost
[2024-11-19 15:02:09 INFO  (main)] - Config - db.host: localhost
[2024-11-19 15:02:09 INFO  (main)] - Config - game.login.limit: 10
[2024-11-19 15:02:09 INFO  (main)] - Config - db.leakDetectionThreshold: 300000
[2024-11-19 15:02:09 WARN  (main)] - HikariPool-1 - idleTimeout has been set but has no effect because the pool is operating as a fixed size pool.
[2024-11-19 15:02:09 INFO  (main)] - HikariPool-1 - Starting...
[2024-11-19 15:02:09 INFO  (main)] - HikariPool-1 - Added connection com.mysql.cj.jdbc.ConnectionImpl@5dcb4f5f
[2024-11-19 15:02:09 INFO  (main)] - HikariPool-1 - Start completed.
[2024-11-19 15:02:09 INFO  (main)] - DB Connection Pool has created.
[2024-11-19 15:02:09 INFO  (Thread-0)] - Start socket port=1609
[2024-11-19 15:02:09 INFO  (Thread-0)] - Start server Success!
[2024-11-19 15:02:09 INFO  (Thread-1)] - Connect to socket server successfully!
[2024-11-19 15:44:03 INFO  (main)] - Config - db.maxconnections: 40
[2024-11-19 15:44:03 INFO  (main)] - Config - db.password: 12332145
[2024-11-19 15:44:03 INFO  (main)] - Config - server.log.display: false
[2024-11-19 15:44:03 INFO  (main)] - Config - db.idleTimeout: 120000
[2024-11-19 15:44:03 INFO  (main)] - Config - websocket.port: 8020
[2024-11-19 15:44:03 INFO  (main)] - Config - db.driver: com.mysql.cj.jdbc.Driver
[2024-11-19 15:44:03 INFO  (main)] - Config - db.user: root
[2024-11-19 15:44:03 INFO  (main)] - Config - db.dbname: game
[2024-11-19 15:44:03 INFO  (main)] - Config - db.connectionTimeout: 300000
[2024-11-19 15:44:03 INFO  (main)] - Config - db.port: 3306
[2024-11-19 15:44:03 INFO  (main)] - Config - server.port: 1609
[2024-11-19 15:44:03 INFO  (main)] - Config - db.minconnections: 30
[2024-11-19 15:44:03 INFO  (main)] - Config - websocket.host: ws://localhost
[2024-11-19 15:44:03 INFO  (main)] - Config - db.host: localhost
[2024-11-19 15:44:03 INFO  (main)] - Config - game.login.limit: 10
[2024-11-19 15:44:03 INFO  (main)] - Config - db.leakDetectionThreshold: 300000
[2024-11-19 15:44:03 WARN  (main)] - HikariPool-1 - idleTimeout has been set but has no effect because the pool is operating as a fixed size pool.
[2024-11-19 15:44:03 INFO  (main)] - HikariPool-1 - Starting...
[2024-11-19 15:44:03 INFO  (main)] - HikariPool-1 - Added connection com.mysql.cj.jdbc.ConnectionImpl@2b72cb8a
[2024-11-19 15:44:03 INFO  (main)] - HikariPool-1 - Start completed.
[2024-11-19 15:44:03 INFO  (main)] - DB Connection Pool has created.
[2024-11-19 15:44:03 INFO  (Thread-0)] - Start socket port=1609
[2024-11-19 15:44:03 INFO  (Thread-0)] - Start server Success!
[2024-11-19 15:44:03 INFO  (Thread-1)] - Connect to socket server successfully!
[2024-11-19 16:16:37 INFO  (main)] - Config - db.maxconnections: 40
[2024-11-19 16:16:37 INFO  (main)] - Config - db.password: 12332145
[2024-11-19 16:16:37 INFO  (main)] - Config - server.log.display: false
[2024-11-19 16:16:37 INFO  (main)] - Config - db.idleTimeout: 120000
[2024-11-19 16:16:37 INFO  (main)] - Config - websocket.port: 8020
[2024-11-19 16:16:37 INFO  (main)] - Config - db.driver: com.mysql.cj.jdbc.Driver
[2024-11-19 16:16:37 INFO  (main)] - Config - db.user: root
[2024-11-19 16:16:37 INFO  (main)] - Config - db.dbname: game
[2024-11-19 16:16:37 INFO  (main)] - Config - db.connectionTimeout: 300000
[2024-11-19 16:16:37 INFO  (main)] - Config - db.port: 3306
[2024-11-19 16:16:37 INFO  (main)] - Config - server.port: 1609
[2024-11-19 16:16:37 INFO  (main)] - Config - db.minconnections: 30
[2024-11-19 16:16:37 INFO  (main)] - Config - websocket.host: ws://localhost
[2024-11-19 16:16:37 INFO  (main)] - Config - db.host: localhost
[2024-11-19 16:16:37 INFO  (main)] - Config - game.login.limit: 10
[2024-11-19 16:16:37 INFO  (main)] - Config - db.leakDetectionThreshold: 300000
[2024-11-19 16:16:37 WARN  (main)] - HikariPool-1 - idleTimeout has been set but has no effect because the pool is operating as a fixed size pool.
[2024-11-19 16:16:37 INFO  (main)] - HikariPool-1 - Starting...
[2024-11-19 16:16:37 INFO  (main)] - HikariPool-1 - Added connection com.mysql.cj.jdbc.ConnectionImpl@5dcb4f5f
[2024-11-19 16:16:37 INFO  (main)] - HikariPool-1 - Start completed.
[2024-11-19 16:16:37 INFO  (main)] - DB Connection Pool has created.
[2024-11-19 16:16:37 INFO  (Thread-0)] - Start socket port=1609
[2024-11-19 16:16:37 INFO  (Thread-0)] - Start server Success!
[2024-11-19 16:16:37 INFO  (Thread-1)] - Connect to socket server successfully!
[2024-11-19 16:26:39 INFO  (main)] - Config - db.maxconnections: 40
[2024-11-19 16:26:39 INFO  (main)] - Config - db.password: 12332145
[2024-11-19 16:26:39 INFO  (main)] - Config - server.log.display: false
[2024-11-19 16:26:39 INFO  (main)] - Config - db.idleTimeout: 120000
[2024-11-19 16:26:39 INFO  (main)] - Config - websocket.port: 8020
[2024-11-19 16:26:39 INFO  (main)] - Config - db.driver: com.mysql.cj.jdbc.Driver
[2024-11-19 16:26:39 INFO  (main)] - Config - db.user: root
[2024-11-19 16:26:39 INFO  (main)] - Config - db.dbname: game
[2024-11-19 16:26:39 INFO  (main)] - Config - db.connectionTimeout: 300000
[2024-11-19 16:26:39 INFO  (main)] - Config - db.port: 3306
[2024-11-19 16:26:39 INFO  (main)] - Config - server.port: 1609
[2024-11-19 16:26:39 INFO  (main)] - Config - db.minconnections: 30
[2024-11-19 16:26:39 INFO  (main)] - Config - websocket.host: ws://localhost
[2024-11-19 16:26:39 INFO  (main)] - Config - db.host: localhost
[2024-11-19 16:26:39 INFO  (main)] - Config - game.login.limit: 10
[2024-11-19 16:26:39 INFO  (main)] - Config - db.leakDetectionThreshold: 300000
[2024-11-19 16:26:39 WARN  (main)] - HikariPool-1 - idleTimeout has been set but has no effect because the pool is operating as a fixed size pool.
[2024-11-19 16:26:39 INFO  (main)] - HikariPool-1 - Starting...
[2024-11-19 16:26:39 INFO  (main)] - HikariPool-1 - Added connection com.mysql.cj.jdbc.ConnectionImpl@5dcb4f5f
[2024-11-19 16:26:39 INFO  (main)] - HikariPool-1 - Start completed.
[2024-11-19 16:26:39 INFO  (main)] - DB Connection Pool has created.
[2024-11-19 16:26:39 INFO  (Thread-0)] - Start socket port=1609
[2024-11-19 16:26:39 INFO  (Thread-0)] - Start server Success!
[2024-11-19 16:26:39 INFO  (Thread-1)] - Connect to socket server successfully!
[2024-11-19 16:29:26 INFO  (main)] - Config - db.maxconnections: 40
[2024-11-19 16:29:26 INFO  (main)] - Config - db.password: 12332145
[2024-11-19 16:29:26 INFO  (main)] - Config - server.log.display: false
[2024-11-19 16:29:26 INFO  (main)] - Config - db.idleTimeout: 120000
[2024-11-19 16:29:26 INFO  (main)] - Config - websocket.port: 8020
[2024-11-19 16:29:26 INFO  (main)] - Config - db.driver: com.mysql.cj.jdbc.Driver
[2024-11-19 16:29:26 INFO  (main)] - Config - db.user: root
[2024-11-19 16:29:26 INFO  (main)] - Config - db.dbname: game
[2024-11-19 16:29:26 INFO  (main)] - Config - db.connectionTimeout: 300000
[2024-11-19 16:29:26 INFO  (main)] - Config - db.port: 3306
[2024-11-19 16:29:26 INFO  (main)] - Config - server.port: 1609
[2024-11-19 16:29:26 INFO  (main)] - Config - db.minconnections: 30
[2024-11-19 16:29:26 INFO  (main)] - Config - websocket.host: ws://localhost
[2024-11-19 16:29:26 INFO  (main)] - Config - db.host: localhost
[2024-11-19 16:29:26 INFO  (main)] - Config - game.login.limit: 10
[2024-11-19 16:29:26 INFO  (main)] - Config - db.leakDetectionThreshold: 300000
[2024-11-19 16:29:26 WARN  (main)] - HikariPool-1 - idleTimeout has been set but has no effect because the pool is operating as a fixed size pool.
[2024-11-19 16:29:26 INFO  (main)] - HikariPool-1 - Starting...
[2024-11-19 16:29:26 INFO  (main)] - HikariPool-1 - Added connection com.mysql.cj.jdbc.ConnectionImpl@5dcb4f5f
[2024-11-19 16:29:26 INFO  (main)] - HikariPool-1 - Start completed.
[2024-11-19 16:29:26 INFO  (main)] - DB Connection Pool has created.
[2024-11-19 16:29:26 INFO  (Thread-0)] - Start socket port=1609
[2024-11-19 16:29:26 INFO  (Thread-0)] - Start server Success!
[2024-11-19 16:29:26 INFO  (Thread-1)] - Connect to socket server successfully!
[2024-11-19 16:46:07 INFO  (main)] - Config - db.maxconnections: 40
[2024-11-19 16:46:07 INFO  (main)] - Config - db.password: 12332145
[2024-11-19 16:46:07 INFO  (main)] - Config - server.log.display: false
[2024-11-19 16:46:07 INFO  (main)] - Config - db.idleTimeout: 120000
[2024-11-19 16:46:07 INFO  (main)] - Config - websocket.port: 8020
[2024-11-19 16:46:07 INFO  (main)] - Config - db.driver: com.mysql.cj.jdbc.Driver
[2024-11-19 16:46:07 INFO  (main)] - Config - db.user: root
[2024-11-19 16:46:07 INFO  (main)] - Config - db.dbname: game
[2024-11-19 16:46:07 INFO  (main)] - Config - db.connectionTimeout: 300000
[2024-11-19 16:46:07 INFO  (main)] - Config - db.port: 3306
[2024-11-19 16:46:07 INFO  (main)] - Config - server.port: 1609
[2024-11-19 16:46:07 INFO  (main)] - Config - db.minconnections: 30
[2024-11-19 16:46:07 INFO  (main)] - Config - websocket.host: ws://localhost
[2024-11-19 16:46:07 INFO  (main)] - Config - db.host: localhost
[2024-11-19 16:46:07 INFO  (main)] - Config - game.login.limit: 10
[2024-11-19 16:46:07 INFO  (main)] - Config - db.leakDetectionThreshold: 300000
[2024-11-19 16:46:07 WARN  (main)] - HikariPool-1 - idleTimeout has been set but has no effect because the pool is operating as a fixed size pool.
[2024-11-19 16:46:07 INFO  (main)] - HikariPool-1 - Starting...
[2024-11-19 16:46:07 INFO  (main)] - HikariPool-1 - Added connection com.mysql.cj.jdbc.ConnectionImpl@2205a05d
[2024-11-19 16:46:07 INFO  (main)] - HikariPool-1 - Start completed.
[2024-11-19 16:46:07 INFO  (main)] - DB Connection Pool has created.
[2024-11-19 16:46:07 INFO  (Thread-0)] - Start socket port=1609
[2024-11-19 16:46:07 INFO  (Thread-0)] - Start server Success!
[2024-11-19 16:46:07 INFO  (Thread-1)] - Connect to socket server successfully!
[2024-11-19 16:49:16 INFO  (main)] - Config - db.maxconnections: 40
[2024-11-19 16:49:16 INFO  (main)] - Config - db.password: 12332145
[2024-11-19 16:49:16 INFO  (main)] - Config - server.log.display: false
[2024-11-19 16:49:16 INFO  (main)] - Config - db.idleTimeout: 120000
[2024-11-19 16:49:16 INFO  (main)] - Config - websocket.port: 8020
[2024-11-19 16:49:16 INFO  (main)] - Config - db.driver: com.mysql.cj.jdbc.Driver
[2024-11-19 16:49:16 INFO  (main)] - Config - db.user: root
[2024-11-19 16:49:16 INFO  (main)] - Config - db.dbname: game
[2024-11-19 16:49:16 INFO  (main)] - Config - db.connectionTimeout: 300000
[2024-11-19 16:49:16 INFO  (main)] - Config - db.port: 3306
[2024-11-19 16:49:16 INFO  (main)] - Config - server.port: 1609
[2024-11-19 16:49:16 INFO  (main)] - Config - db.minconnections: 30
[2024-11-19 16:49:16 INFO  (main)] - Config - websocket.host: ws://localhost
[2024-11-19 16:49:16 INFO  (main)] - Config - db.host: localhost
[2024-11-19 16:49:16 INFO  (main)] - Config - game.login.limit: 10
[2024-11-19 16:49:16 INFO  (main)] - Config - db.leakDetectionThreshold: 300000
[2024-11-19 16:49:16 WARN  (main)] - HikariPool-1 - idleTimeout has been set but has no effect because the pool is operating as a fixed size pool.
[2024-11-19 16:49:16 INFO  (main)] - HikariPool-1 - Starting...
[2024-11-19 16:49:16 INFO  (main)] - HikariPool-1 - Added connection com.mysql.cj.jdbc.ConnectionImpl@2205a05d
[2024-11-19 16:49:16 INFO  (main)] - HikariPool-1 - Start completed.
[2024-11-19 16:49:16 INFO  (main)] - DB Connection Pool has created.
[2024-11-19 16:49:16 INFO  (Thread-0)] - Start socket port=1609
[2024-11-19 16:49:16 INFO  (Thread-0)] - Start server Success!
[2024-11-19 16:49:16 INFO  (Thread-1)] - Connect to socket server successfully!
[2024-11-19 16:50:54 INFO  (main)] - Config - db.maxconnections: 40
[2024-11-19 16:50:54 INFO  (main)] - Config - db.password: 12332145
[2024-11-19 16:50:54 INFO  (main)] - Config - server.log.display: false
[2024-11-19 16:50:54 INFO  (main)] - Config - db.idleTimeout: 120000
[2024-11-19 16:50:54 INFO  (main)] - Config - websocket.port: 8020
[2024-11-19 16:50:54 INFO  (main)] - Config - db.driver: com.mysql.cj.jdbc.Driver
[2024-11-19 16:50:54 INFO  (main)] - Config - db.user: root
[2024-11-19 16:50:54 INFO  (main)] - Config - db.dbname: game
[2024-11-19 16:50:54 INFO  (main)] - Config - db.connectionTimeout: 300000
[2024-11-19 16:50:54 INFO  (main)] - Config - db.port: 3306
[2024-11-19 16:50:54 INFO  (main)] - Config - server.port: 1609
[2024-11-19 16:50:54 INFO  (main)] - Config - db.minconnections: 30
[2024-11-19 16:50:54 INFO  (main)] - Config - websocket.host: ws://localhost
[2024-11-19 16:50:54 INFO  (main)] - Config - db.host: localhost
[2024-11-19 16:50:54 INFO  (main)] - Config - game.login.limit: 10
[2024-11-19 16:50:54 INFO  (main)] - Config - db.leakDetectionThreshold: 300000
[2024-11-19 16:50:54 WARN  (main)] - HikariPool-1 - idleTimeout has been set but has no effect because the pool is operating as a fixed size pool.
[2024-11-19 16:50:54 INFO  (main)] - HikariPool-1 - Starting...
[2024-11-19 16:50:54 INFO  (main)] - HikariPool-1 - Added connection com.mysql.cj.jdbc.ConnectionImpl@2205a05d
[2024-11-19 16:50:54 INFO  (main)] - HikariPool-1 - Start completed.
[2024-11-19 16:50:54 INFO  (main)] - DB Connection Pool has created.
[2024-11-19 16:50:54 INFO  (Thread-0)] - Start socket port=1609
[2024-11-19 16:50:54 INFO  (Thread-0)] - Start server Success!
[2024-11-19 16:50:54 INFO  (Thread-1)] - Connect to socket server successfully!
